{"level":"error","message":"Password must be at least 6 characters long","method":"POST","path":"/api/auth/register","stack":"Error: Password must be at least 6 characters long\n    at registerUser (file:///C:/Shobhit/Projects/Completed/VoltSpot/server/src/controllers/userController.js:10:13)\n    at Layer.handle [as handle_request] (C:\\Shobhit\\Projects\\Completed\\VoltSpot\\server\\node_modules\\express\\lib\\router\\layer.js:95:5)\n    at next (C:\\Shobhit\\Projects\\Completed\\VoltSpot\\server\\node_modules\\express\\lib\\router\\route.js:149:13)\n    at middleware (C:\\Shobhit\\Projects\\Completed\\VoltSpot\\server\\node_modules\\express-validator\\lib\\middlewares\\check.js:16:13)\n    at process.processTicksAndRejections (node:internal/process/task_queues:105:5)","statusCode":400,"timestamp":"2025-11-29T12:10:27.808Z"}
{"level":"error","message":"Password must be at least 6 characters long","method":"POST","path":"/api/auth/register","stack":"Error: Password must be at least 6 characters long","statusCode":400,"timestamp":"2025-11-29T12:15:32.095Z"}
{"level":"error","message":"Password must be at least 6 characters long","method":"POST","path":"/api/auth/register","statusCode":400,"timestamp":"2025-11-29T12:18:40.944Z"}
{"level":"error","message":"User not found","method":"GET","path":"/api/station/saved-stations","statusCode":404,"timestamp":"2025-12-11T16:13:29.577Z"}
{"level":"error","message":"Cast to ObjectId failed for value \"tesla_model3\" (type string) at path \"_id\" for model \"EV\"","method":"POST","path":"/api/station/estimate","statusCode":500,"timestamp":"2025-12-11T16:18:23.494Z"}
{"level":"error","message":"User already exists with this email","method":"POST","path":"/api/auth/register","statusCode":400,"timestamp":"2026-01-01T19:29:05.809Z"}
{"level":"error","message":"Report validation failed: station: Cast to ObjectId failed for value \"create\" (type string) at path \"station\" because of \"BSONError\"","method":"POST","path":"/api/report/create","statusCode":500,"timestamp":"2026-01-07T08:40:38.871Z"}
{"level":"error","message":"Report validation failed: station: Cast to ObjectId failed for value \"create\" (type string) at path \"station\" because of \"BSONError\"","method":"POST","path":"/api/report/create","statusCode":500,"timestamp":"2026-01-07T08:42:41.574Z"}
{"level":"error","message":"Station validation failed: price: Path `price` is required.","method":"POST","path":"/api/station/create","statusCode":500,"timestamp":"2026-01-08T06:40:46.610Z"}
{"level":"error","message":"Station validation failed: price: Path `price` is required.","method":"POST","path":"/api/station/create","statusCode":500,"timestamp":"2026-01-08T06:41:55.852Z"}
{"level":"error","message":"Station validation failed: price: Path `price` is required.","method":"POST","path":"/api/station/create","statusCode":500,"timestamp":"2026-01-08T07:47:56.799Z"}
{"level":"error","message":"fetch failed","method":"GET","path":"/api/station?","statusCode":500,"timestamp":"2026-04-18T12:09:25.925Z"}
{"level":"error","message":"Invalid credentials","method":"POST","path":"/api/users/login","statusCode":401,"timestamp":"2026-06-04T06:33:53.735Z"}
{"level":"error","message":"Invalid credentials","method":"POST","path":"/api/users/login","statusCode":401,"timestamp":"2026-06-04T06:33:56.841Z"}
{"level":"error","message":"Invalid credentials","method":"POST","path":"/api/users/login","statusCode":401,"timestamp":"2026-06-04T06:33:59.589Z"}
{"level":"error","message":"Invalid credentials","method":"POST","path":"/api/users/login","statusCode":401,"timestamp":"2026-06-04T06:35:21.702Z"}
{"level":"error","message":"Invalid credentials","method":"POST","path":"/api/users/login","statusCode":401,"timestamp":"2026-06-04T06:35:25.182Z"}
{"level":"error","message":"Invalid credentials","method":"POST","path":"/api/users/login","statusCode":401,"timestamp":"2026-06-19T15:16:13.753Z"}
{"level":"error","message":"Invalid credentials","method":"POST","path":"/api/users/login","statusCode":401,"timestamp":"2026-06-19T15:16:17.094Z"}
{"level":"error","message":"Invalid credentials","method":"POST","path":"/api/users/login","statusCode":401,"timestamp":"2026-06-19T15:16:28.777Z"}
{"level":"error","message":"Invalid credentials","method":"POST","path":"/api/users/login","statusCode":401,"timestamp":"2026-06-19T15:16:30.722Z"}
{"level":"error","message":"Invalid credentials","method":"POST","path":"/api/users/login","statusCode":401,"timestamp":"2026-06-19T15:19:27.468Z"}
{"level":"error","message":"Invalid credentials","method":"POST","path":"/api/users/login","statusCode":401,"timestamp":"2026-06-19T15:19:28.910Z"}
{"level":"error","message":"Invalid credentials","method":"POST","path":"/api/users/login","statusCode":401,"timestamp":"2026-06-19T15:19:32.889Z"}
{"level":"error","message":"Invalid credentials","method":"POST","path":"/api/users/login","statusCode":401,"timestamp":"2026-06-19T15:19:37.655Z"}
{"level":"error","message":"Invalid credentials","method":"POST","path":"/api/users/login","statusCode":401,"timestamp":"2026-06-19T15:21:52.402Z"}
{"level":"error","message":"Invalid credentials","method":"POST","path":"/api/users/login","statusCode":401,"timestamp":"2026-06-19T15:21:53.759Z"}
{"level":"error","message":"Invalid credentials","method":"POST","path":"/api/users/login","statusCode":401,"timestamp":"2026-06-19T15:21:55.177Z"}
{"details":"Path `station` is required.","level":"error","message":"Validation Error","method":"POST","path":"/api/stations/6a2121cc1c916f1a9d472c08/reviews","timestamp":"2026-06-19T15:24:01.119Z"}
{"details":"Path `station` is required.","level":"error","message":"Validation Error","method":"POST","path":"/api/stations/6a2121cc1c916f1a9d472c08/reviews","timestamp":"2026-06-19T15:24:06.295Z"}
{"details":"Path `station` is required.","level":"error","message":"Validation Error","method":"POST","path":"/api/stations/6a2121cc1c916f1a9d472c08/reviews","timestamp":"2026-06-19T15:24:15.009Z"}
{"details":"Path `station` is required.","level":"error","message":"Validation Error","method":"POST","path":"/api/stations/68da6ad80398eb5bea9d8c6a/reviews","timestamp":"2026-06-19T15:30:55.204Z"}
{"details":"Path `station` is required.","level":"error","message":"Validation Error","method":"POST","path":"/api/stations/68da6ad80398eb5bea9d8c6a/reviews","timestamp":"2026-06-19T15:30:58.209Z"}
